mode: atomic
github.com/klyakssa/aggregation-sub/internal/transport/http/router.go:23.67,24.15 1 0
github.com/klyakssa/aggregation-sub/internal/transport/http/router.go:24.15,26.3 1 0
github.com/klyakssa/aggregation-sub/internal/transport/http/router.go:26.8,28.3 1 0
github.com/klyakssa/aggregation-sub/internal/transport/http/router.go:29.2,46.3 3 0
github.com/klyakssa/aggregation-sub/internal/transport/http/router.go:50.49,53.12 2 0
github.com/klyakssa/aggregation-sub/internal/transport/http/router.go:53.12,55.82 2 0
github.com/klyakssa/aggregation-sub/internal/transport/http/router.go:55.82,57.4 1 0
github.com/klyakssa/aggregation-sub/internal/transport/http/router.go:60.2,60.9 1 0
github.com/klyakssa/aggregation-sub/internal/transport/http/router.go:61.20,65.40 4 0
github.com/klyakssa/aggregation-sub/internal/transport/http/router.go:66.24,67.13 1 0
github.com/klyakssa/aggregation-sub/internal/transport/http/router.go:72.67,74.2 2 0
github.com/klyakssa/aggregation-sub/internal/transport/http/router.go:74.2,83.3 8 0
github.com/klyakssa/aggregation-sub/internal/transport/http/subs_handler.go:21.92,26.2 1 24
github.com/klyakssa/aggregation-sub/internal/transport/http/subs_handler.go:28.66,30.47 2 6
github.com/klyakssa/aggregation-sub/internal/transport/http/subs_handler.go:30.47,34.3 3 1
github.com/klyakssa/aggregation-sub/internal/transport/http/subs_handler.go:36.2,36.66 1 5
github.com/klyakssa/aggregation-sub/internal/transport/http/subs_handler.go:36.66,41.3 2 1
github.com/klyakssa/aggregation-sub/internal/transport/http/subs_handler.go:43.2,52.54 2 4
github.com/klyakssa/aggregation-sub/internal/transport/http/subs_handler.go:52.54,54.3 1 1
github.com/klyakssa/aggregation-sub/internal/transport/http/subs_handler.go:56.2,56.82 1 4
github.com/klyakssa/aggregation-sub/internal/transport/http/subs_handler.go:56.82,57.57 1 2
github.com/klyakssa/aggregation-sub/internal/transport/http/subs_handler.go:57.57,62.4 2 1
github.com/klyakssa/aggregation-sub/internal/transport/http/subs_handler.go:63.3,64.9 2 1
github.com/klyakssa/aggregation-sub/internal/transport/http/subs_handler.go:67.2,67.30 1 2
github.com/klyakssa/aggregation-sub/internal/transport/http/subs_handler.go:70.63,72.16 2 3
github.com/klyakssa/aggregation-sub/internal/transport/http/subs_handler.go:72.16,78.3 3 1
github.com/klyakssa/aggregation-sub/internal/transport/http/subs_handler.go:79.2,80.16 2 2
github.com/klyakssa/aggregation-sub/internal/transport/http/subs_handler.go:80.16,81.56 1 1
github.com/klyakssa/aggregation-sub/internal/transport/http/subs_handler.go:81.56,86.4 2 1
github.com/klyakssa/aggregation-sub/internal/transport/http/subs_handler.go:87.3,88.9 2 0
github.com/klyakssa/aggregation-sub/internal/transport/http/subs_handler.go:91.2,91.28 1 1
github.com/klyakssa/aggregation-sub/internal/transport/http/subs_handler.go:94.68,97.16 3 0
github.com/klyakssa/aggregation-sub/internal/transport/http/subs_handler.go:97.16,103.3 3 0
github.com/klyakssa/aggregation-sub/internal/transport/http/subs_handler.go:104.2,105.16 2 0
github.com/klyakssa/aggregation-sub/internal/transport/http/subs_handler.go:105.16,106.56 1 0
github.com/klyakssa/aggregation-sub/internal/transport/http/subs_handler.go:106.56,111.4 2 0
github.com/klyakssa/aggregation-sub/internal/transport/http/subs_handler.go:112.3,113.9 2 0
github.com/klyakssa/aggregation-sub/internal/transport/http/subs_handler.go:116.2,116.33 1 0
github.com/klyakssa/aggregation-sub/internal/transport/http/subs_handler.go:119.66,121.16 2 0
github.com/klyakssa/aggregation-sub/internal/transport/http/subs_handler.go:121.16,127.3 3 0
github.com/klyakssa/aggregation-sub/internal/transport/http/subs_handler.go:129.2,130.16 2 0
github.com/klyakssa/aggregation-sub/internal/transport/http/subs_handler.go:130.16,131.56 1 0
github.com/klyakssa/aggregation-sub/internal/transport/http/subs_handler.go:131.56,136.4 2 0
github.com/klyakssa/aggregation-sub/internal/transport/http/subs_handler.go:137.3,138.9 2 0
github.com/klyakssa/aggregation-sub/internal/transport/http/subs_handler.go:141.2,142.47 2 0
github.com/klyakssa/aggregation-sub/internal/transport/http/subs_handler.go:142.47,146.3 3 0
github.com/klyakssa/aggregation-sub/internal/transport/http/subs_handler.go:148.2,148.28 1 0
github.com/klyakssa/aggregation-sub/internal/transport/http/subs_handler.go:148.28,150.3 1 0
github.com/klyakssa/aggregation-sub/internal/transport/http/subs_handler.go:151.2,151.22 1 0
github.com/klyakssa/aggregation-sub/internal/transport/http/subs_handler.go:151.22,153.3 1 0
github.com/klyakssa/aggregation-sub/internal/transport/http/subs_handler.go:154.2,154.26 1 0
github.com/klyakssa/aggregation-sub/internal/transport/http/subs_handler.go:154.26,156.3 1 0
github.com/klyakssa/aggregation-sub/internal/transport/http/subs_handler.go:157.2,157.24 1 0
github.com/klyakssa/aggregation-sub/internal/transport/http/subs_handler.go:157.24,159.27 2 0
github.com/klyakssa/aggregation-sub/internal/transport/http/subs_handler.go:159.27,161.4 1 0
github.com/klyakssa/aggregation-sub/internal/transport/http/subs_handler.go:162.3,162.36 1 0
github.com/klyakssa/aggregation-sub/internal/transport/http/subs_handler.go:162.36,167.4 2 0
github.com/klyakssa/aggregation-sub/internal/transport/http/subs_handler.go:168.3,168.42 1 0
github.com/klyakssa/aggregation-sub/internal/transport/http/subs_handler.go:171.2,173.90 2 0
github.com/klyakssa/aggregation-sub/internal/transport/http/subs_handler.go:173.90,177.3 3 0
github.com/klyakssa/aggregation-sub/internal/transport/http/subs_handler.go:179.2,181.4 1 0
github.com/klyakssa/aggregation-sub/internal/transport/http/subs_handler.go:184.66,186.16 2 9
github.com/klyakssa/aggregation-sub/internal/transport/http/subs_handler.go:186.16,192.3 3 3
github.com/klyakssa/aggregation-sub/internal/transport/http/subs_handler.go:194.2,194.13 1 6
github.com/klyakssa/aggregation-sub/internal/transport/http/subs_handler.go:194.13,199.3 2 1
github.com/klyakssa/aggregation-sub/internal/transport/http/subs_handler.go:201.2,201.78 1 5
github.com/klyakssa/aggregation-sub/internal/transport/http/subs_handler.go:201.78,202.57 1 4
github.com/klyakssa/aggregation-sub/internal/transport/http/subs_handler.go:202.57,207.4 2 1
github.com/klyakssa/aggregation-sub/internal/transport/http/subs_handler.go:208.3,208.54 1 3
github.com/klyakssa/aggregation-sub/internal/transport/http/subs_handler.go:208.54,213.4 2 1
github.com/klyakssa/aggregation-sub/internal/transport/http/subs_handler.go:214.3,214.56 1 2
github.com/klyakssa/aggregation-sub/internal/transport/http/subs_handler.go:214.56,219.4 2 1
github.com/klyakssa/aggregation-sub/internal/transport/http/subs_handler.go:220.3,221.9 2 1
github.com/klyakssa/aggregation-sub/internal/transport/http/subs_handler.go:224.2,224.25 1 1
github.com/klyakssa/aggregation-sub/internal/transport/http/subs_handler.go:227.65,229.21 2 3
github.com/klyakssa/aggregation-sub/internal/transport/http/subs_handler.go:229.21,234.3 2 1
github.com/klyakssa/aggregation-sub/internal/transport/http/subs_handler.go:236.2,237.16 2 2
github.com/klyakssa/aggregation-sub/internal/transport/http/subs_handler.go:237.16,243.3 3 1
github.com/klyakssa/aggregation-sub/internal/transport/http/subs_handler.go:245.2,246.16 2 1
github.com/klyakssa/aggregation-sub/internal/transport/http/subs_handler.go:246.16,252.3 3 0
github.com/klyakssa/aggregation-sub/internal/transport/http/subs_handler.go:254.2,254.14 1 1
github.com/klyakssa/aggregation-sub/internal/transport/http/subs_handler.go:254.14,259.3 2 0
github.com/klyakssa/aggregation-sub/internal/transport/http/subs_handler.go:261.2,262.16 2 1
github.com/klyakssa/aggregation-sub/internal/transport/http/subs_handler.go:262.16,268.3 3 0
github.com/klyakssa/aggregation-sub/internal/transport/http/subs_handler.go:270.2,271.16 2 1
github.com/klyakssa/aggregation-sub/internal/transport/http/subs_handler.go:271.16,272.57 1 0
github.com/klyakssa/aggregation-sub/internal/transport/http/subs_handler.go:272.57,277.4 2 0
github.com/klyakssa/aggregation-sub/internal/transport/http/subs_handler.go:278.3,278.56 1 0
github.com/klyakssa/aggregation-sub/internal/transport/http/subs_handler.go:278.56,283.4 2 0
github.com/klyakssa/aggregation-sub/internal/transport/http/subs_handler.go:284.3,285.9 2 0
github.com/klyakssa/aggregation-sub/internal/transport/http/subs_handler.go:288.2,288.24 1 1
github.com/klyakssa/aggregation-sub/internal/transport/http/subs_handler.go:288.24,291.3 2 0
github.com/klyakssa/aggregation-sub/internal/transport/http/subs_handler.go:293.2,303.4 1 1
github.com/klyakssa/aggregation-sub/internal/transport/http/subs_handler.go:313.60,316.48 2 3
github.com/klyakssa/aggregation-sub/internal/transport/http/subs_handler.go:316.48,320.3 3 1
github.com/klyakssa/aggregation-sub/internal/transport/http/subs_handler.go:322.2,323.16 2 2
github.com/klyakssa/aggregation-sub/internal/transport/http/subs_handler.go:323.16,329.3 3 1
github.com/klyakssa/aggregation-sub/internal/transport/http/subs_handler.go:331.2,332.16 2 1
github.com/klyakssa/aggregation-sub/internal/transport/http/subs_handler.go:332.16,338.3 3 0
github.com/klyakssa/aggregation-sub/internal/transport/http/subs_handler.go:340.2,340.30 1 1
github.com/klyakssa/aggregation-sub/internal/transport/http/subs_handler.go:340.30,345.3 2 0
github.com/klyakssa/aggregation-sub/internal/transport/http/subs_handler.go:347.2,350.22 3 1
github.com/klyakssa/aggregation-sub/internal/transport/http/subs_handler.go:350.22,352.17 2 0
github.com/klyakssa/aggregation-sub/internal/transport/http/subs_handler.go:352.17,358.4 3 0
github.com/klyakssa/aggregation-sub/internal/transport/http/subs_handler.go:361.2,369.16 3 1
github.com/klyakssa/aggregation-sub/internal/transport/http/subs_handler.go:369.16,374.3 2 0
github.com/klyakssa/aggregation-sub/internal/transport/http/subs_handler.go:376.2,378.4 1 1
